2019-04-09 21:35:21,516 - Velocimacro :  VM library template macro registration complete.
2019-04-09 21:35:21,517 - Velocimacro : allowInline = true : VMs can be defined inline in templates
2019-04-09 21:35:21,517 - Velocimacro : allowInlineToOverride = false : VMs defined inline may NOT replace previous VM definitions
2019-04-09 21:35:21,517 - Velocimacro : allowInlineLocal = false : VMs defined inline will be  global in scope if allowed.
2019-04-09 21:35:21,517 - Velocimacro : messages on  : VM system will output logging messages
2019-04-09 21:35:21,517 - Velocimacro : autoload off  : VM system will not automatically reload global library macros
2019-04-09 21:35:21,517 - Velocimacro : initialization complete.
2019-04-09 21:35:21,517 - Velocity successfully started.
2019-04-09 21:38:53,265 - SimpleLog4JLogSystem initialized using logfile 'velocity.log'
2019-04-09 21:38:53,265 - ************************************************************** 
2019-04-09 21:38:53,265 - Starting Jakarta Velocity v1.4
2019-04-09 21:38:53,265 - RuntimeInstance initializing.
2019-04-09 21:38:53,266 - Default Properties File: org\apache\velocity\runtime\defaults\velocity.properties
2019-04-09 21:38:53,266 - Trying to use logger class org.apache.velocity.runtime.log.SimpleLog4JLogSystem
2019-04-09 21:38:53,266 - Using logger class org.apache.velocity.runtime.log.SimpleLog4JLogSystem
2019-04-09 21:38:53,271 - Default ResourceManager initializing. (class org.apache.velocity.runtime.resource.ResourceManagerImpl)
2019-04-09 21:38:53,289 - Resource Loader Instantiated: org.apache.velocity.runtime.resource.loader.ClasspathResourceLoader
2019-04-09 21:38:53,290 - ClasspathResourceLoader : initialization starting.
2019-04-09 21:38:53,290 - ClasspathResourceLoader : initialization complete.
2019-04-09 21:38:53,295 - ResourceCache : initialized. (class org.apache.velocity.runtime.resource.ResourceCacheImpl)
2019-04-09 21:38:53,295 - Default ResourceManager initialization complete.
2019-04-09 21:38:53,301 - Loaded System Directive: org.apache.velocity.runtime.directive.Literal
2019-04-09 21:38:53,314 - Loaded System Directive: org.apache.velocity.runtime.directive.Macro
2019-04-09 21:38:53,318 - Loaded System Directive: org.apache.velocity.runtime.directive.Parse
2019-04-09 21:38:53,320 - Loaded System Directive: org.apache.velocity.runtime.directive.Include
2019-04-09 21:38:53,322 - Loaded System Directive: org.apache.velocity.runtime.directive.Foreach
2019-04-09 21:38:53,356 - Created: 20 parsers.
2019-04-09 21:38:53,368 - Velocimacro : initialization starting.
2019-04-09 21:38:53,368 - Velocimacro : adding VMs from VM library template : VM_global_library.vm
2019-04-09 21:38:53,382 - ResourceManager : unable to find resource 'VM_global_library.vm' in any resource loader.
2019-04-09 21:38:53,382 - Velocimacro : error using  VM library template VM_global_library.vm : org.apache.velocity.exception.ResourceNotFoundException: Unable to find resource 'VM_global_library.vm'
2019-04-09 21:38:53,383 - Velocimacro :  VM library template macro registration complete.
2019-04-09 21:38:53,383 - Velocimacro : allowInline = true : VMs can be defined inline in templates
2019-04-09 21:38:53,383 - Velocimacro : allowInlineToOverride = false : VMs defined inline may NOT replace previous VM definitions
2019-04-09 21:38:53,383 - Velocimacro : allowInlineLocal = false : VMs defined inline will be  global in scope if allowed.
2019-04-09 21:38:53,383 - Velocimacro : messages on  : VM system will output logging messages
2019-04-09 21:38:53,383 - Velocimacro : autoload off  : VM system will not automatically reload global library macros
2019-04-09 21:38:53,383 - Velocimacro : initialization complete.
2019-04-09 21:38:53,383 - Velocity successfully started.
2019-04-09 21:45:12,357 - SimpleLog4JLogSystem initialized using logfile 'velocity.log'
2019-04-09 21:45:12,358 - ************************************************************** 
2019-04-09 21:45:12,358 - Starting Jakarta Velocity v1.4
2019-04-09 21:45:12,358 - RuntimeInstance initializing.
2019-04-09 21:45:12,358 - Default Properties File: org\apache\velocity\runtime\defaults\velocity.properties
2019-04-09 21:45:12,358 - Trying to use logger class org.apache.velocity.runtime.log.SimpleLog4JLogSystem
2019-04-09 21:45:12,358 - Using logger class org.apache.velocity.runtime.log.SimpleLog4JLogSystem
2019-04-09 21:45:12,366 - Default ResourceManager initializing. (class org.apache.velocity.runtime.resource.ResourceManagerImpl)
2019-04-09 21:45:12,374 - Resource Loader Instantiated: org.apache.velocity.runtime.resource.loader.ClasspathResourceLoader
2019-04-09 21:45:12,374 - ClasspathResourceLoader : initialization starting.
2019-04-09 21:45:12,375 - ClasspathResourceLoader : initialization complete.
2019-04-09 21:45:12,378 - ResourceCache : initialized. (class org.apache.velocity.runtime.resource.ResourceCacheImpl)
2019-04-09 21:45:12,378 - Default ResourceManager initialization complete.
2019-04-09 21:45:12,382 - Loaded System Directive: org.apache.velocity.runtime.directive.Literal
2019-04-09 21:45:12,386 - Loaded System Directive: org.apache.velocity.runtime.directive.Macro
2019-04-09 21:45:12,391 - Loaded System Directive: org.apache.velocity.runtime.directive.Parse
2019-04-09 21:45:12,395 - Loaded System Directive: org.apache.velocity.runtime.directive.Include
2019-04-09 21:45:12,397 - Loaded System Directive: org.apache.velocity.runtime.directive.Foreach
2019-04-09 21:45:12,440 - Created: 20 parsers.
2019-04-09 21:45:12,451 - Velocimacro : initialization starting.
2019-04-09 21:45:12,451 - Velocimacro : adding VMs from VM library template : VM_global_library.vm
2019-04-09 21:45:12,464 - ResourceManager : unable to find resource 'VM_global_library.vm' in any resource loader.
2019-04-09 21:45:12,464 - Velocimacro : error using  VM library template VM_global_library.vm : org.apache.velocity.exception.ResourceNotFoundException: Unable to find resource 'VM_global_library.vm'
2019-04-09 21:45:12,464 - Velocimacro :  VM library template macro registration complete.
2019-04-09 21:45:12,464 - Velocimacro : allowInline = true : VMs can be defined inline in templates
2019-04-09 21:45:12,464 - Velocimacro : allowInlineToOverride = false : VMs defined inline may NOT replace previous VM definitions
2019-04-09 21:45:12,464 - Velocimacro : allowInlineLocal = false : VMs defined inline will be  global in scope if allowed.
2019-04-09 21:45:12,464 - Velocimacro : messages on  : VM system will output logging messages
2019-04-09 21:45:12,464 - Velocimacro : autoload off  : VM system will not automatically reload global library macros
2019-04-09 21:45:12,464 - Velocimacro : initialization complete.
2019-04-09 21:45:12,464 - Velocity successfully started.
2019-04-09 21:47:48,737 - SimpleLog4JLogSystem initialized using logfile 'velocity.log'
2019-04-09 21:47:48,738 - ************************************************************** 
2019-04-09 21:47:48,738 - Starting Jakarta Velocity v1.4
2019-04-09 21:47:48,738 - RuntimeInstance initializing.
2019-04-09 21:47:48,738 - Default Properties File: org\apache\velocity\runtime\defaults\velocity.properties
2019-04-09 21:47:48,738 - Trying to use logger class org.apache.velocity.runtime.log.SimpleLog4JLogSystem
2019-04-09 21:47:48,738 - Using logger class org.apache.velocity.runtime.log.SimpleLog4JLogSystem
2019-04-09 21:47:48,742 - Default ResourceManager initializing. (class org.apache.velocity.runtime.resource.ResourceManagerImpl)
2019-04-09 21:47:48,747 - Resource Loader Instantiated: org.apache.velocity.runtime.resource.loader.ClasspathResourceLoader
2019-04-09 21:47:48,747 - ClasspathResourceLoader : initialization starting.
2019-04-09 21:47:48,748 - ClasspathResourceLoader : initialization complete.
2019-04-09 21:47:48,751 - ResourceCache : initialized. (class org.apache.velocity.runtime.resource.ResourceCacheImpl)
2019-04-09 21:47:48,751 - Default ResourceManager initialization complete.
2019-04-09 21:47:48,758 - Loaded System Directive: org.apache.velocity.runtime.directive.Literal
2019-04-09 21:47:48,764 - Loaded System Directive: org.apache.velocity.runtime.directive.Macro
2019-04-09 21:47:48,772 - Loaded System Directive: org.apache.velocity.runtime.directive.Parse
2019-04-09 21:47:48,777 - Loaded System Directive: org.apache.velocity.runtime.directive.Include
2019-04-09 21:47:48,779 - Loaded System Directive: org.apache.velocity.runtime.directive.Foreach
2019-04-09 21:47:48,822 - Created: 20 parsers.
2019-04-09 21:47:48,833 - Velocimacro : initialization starting.
2019-04-09 21:47:48,833 - Velocimacro : adding VMs from VM library template : VM_global_library.vm
2019-04-09 21:47:48,847 - ResourceManager : unable to find resource 'VM_global_library.vm' in any resource loader.
2019-04-09 21:47:48,847 - Velocimacro : error using  VM library template VM_global_library.vm : org.apache.velocity.exception.ResourceNotFoundException: Unable to find resource 'VM_global_library.vm'
2019-04-09 21:47:48,847 - Velocimacro :  VM library template macro registration complete.
2019-04-09 21:47:48,847 - Velocimacro : allowInline = true : VMs can be defined inline in templates
2019-04-09 21:47:48,847 - Velocimacro : allowInlineToOverride = false : VMs defined inline may NOT replace previous VM definitions
2019-04-09 21:47:48,847 - Velocimacro : allowInlineLocal = false : VMs defined inline will be  global in scope if allowed.
2019-04-09 21:47:48,847 - Velocimacro : messages on  : VM system will output logging messages
2019-04-09 21:47:48,848 - Velocimacro : autoload off  : VM system will not automatically reload global library macros
2019-04-09 21:47:48,848 - Velocimacro : initialization complete.
2019-04-09 21:47:48,848 - Velocity successfully started.
2019-04-09 21:48:38,421 - SimpleLog4JLogSystem initialized using logfile 'velocity.log'
2019-04-09 21:48:38,421 - ************************************************************** 
2019-04-09 21:48:38,421 - Starting Jakarta Velocity v1.4
2019-04-09 21:48:38,421 - RuntimeInstance initializing.
2019-04-09 21:48:38,422 - Default Properties File: org\apache\velocity\runtime\defaults\velocity.properties
2019-04-09 21:48:38,422 - Trying to use logger class org.apache.velocity.runtime.log.SimpleLog4JLogSystem
2019-04-09 21:48:38,422 - Using logger class org.apache.velocity.runtime.log.SimpleLog4JLogSystem
2019-04-09 21:48:38,427 - Default ResourceManager initializing. (class org.apache.velocity.runtime.resource.ResourceManagerImpl)
2019-04-09 21:48:38,433 - Resource Loader Instantiated: org.apache.velocity.runtime.resource.loader.ClasspathResourceLoader
2019-04-09 21:48:38,433 - ClasspathResourceLoader : initialization starting.
2019-04-09 21:48:38,433 - ClasspathResourceLoader : initialization complete.
2019-04-09 21:48:38,436 - ResourceCache : initialized. (class org.apache.velocity.runtime.resource.ResourceCacheImpl)
2019-04-09 21:48:38,436 - Default ResourceManager initialization complete.
2019-04-09 21:48:38,441 - Loaded System Directive: org.apache.velocity.runtime.directive.Literal
2019-04-09 21:48:38,447 - Loaded System Directive: org.apache.velocity.runtime.directive.Macro
2019-04-09 21:48:38,451 - Loaded System Directive: org.apache.velocity.runtime.directive.Parse
2019-04-09 21:48:38,455 - Loaded System Directive: org.apache.velocity.runtime.directive.Include
2019-04-09 21:48:38,456 - Loaded System Directive: org.apache.velocity.runtime.directive.Foreach
2019-04-09 21:48:38,502 - Created: 20 parsers.
2019-04-09 21:48:38,517 - Velocimacro : initialization starting.
2019-04-09 21:48:38,517 - Velocimacro : adding VMs from VM library template : VM_global_library.vm
2019-04-09 21:48:38,534 - ResourceManager : unable to find resource 'VM_global_library.vm' in any resource loader.
2019-04-09 21:48:38,534 - Velocimacro : error using  VM library template VM_global_library.vm : org.apache.velocity.exception.ResourceNotFoundException: Unable to find resource 'VM_global_library.vm'
2019-04-09 21:48:38,534 - Velocimacro :  VM library template macro registration complete.
2019-04-09 21:48:38,534 - Velocimacro : allowInline = true : VMs can be defined inline in templates
2019-04-09 21:48:38,534 - Velocimacro : allowInlineToOverride = false : VMs defined inline may NOT replace previous VM definitions
2019-04-09 21:48:38,534 - Velocimacro : allowInlineLocal = false : VMs defined inline will be  global in scope if allowed.
2019-04-09 21:48:38,534 - Velocimacro : messages on  : VM system will output logging messages
2019-04-09 21:48:38,534 - Velocimacro : autoload off  : VM system will not automatically reload global library macros
2019-04-09 21:48:38,534 - Velocimacro : initialization complete.
2019-04-09 21:48:38,534 - Velocity successfully started.
2019-04-10 13:51:29,361 - SimpleLog4JLogSystem initialized using logfile 'velocity.log'
2019-04-10 13:51:29,362 - ************************************************************** 
2019-04-10 13:51:29,362 - Starting Jakarta Velocity v1.4
2019-04-10 13:51:29,362 - RuntimeInstance initializing.
2019-04-10 13:51:29,362 - Default Properties File: org\apache\velocity\runtime\defaults\velocity.properties
2019-04-10 13:51:29,362 - Trying to use logger class org.apache.velocity.runtime.log.SimpleLog4JLogSystem
2019-04-10 13:51:29,362 - Using logger class org.apache.velocity.runtime.log.SimpleLog4JLogSystem
2019-04-10 13:51:29,366 - Default ResourceManager initializing. (class org.apache.velocity.runtime.resource.ResourceManagerImpl)
2019-04-10 13:51:29,369 - Resource Loader Instantiated: org.apache.velocity.runtime.resource.loader.ClasspathResourceLoader
2019-04-10 13:51:29,369 - ClasspathResourceLoader : initialization starting.
2019-04-10 13:51:29,369 - ClasspathResourceLoader : initialization complete.
2019-04-10 13:51:29,372 - ResourceCache : initialized. (class org.apache.velocity.runtime.resource.ResourceCacheImpl)
2019-04-10 13:51:29,372 - Default ResourceManager initialization complete.
2019-04-10 13:51:29,377 - Loaded System Directive: org.apache.velocity.runtime.directive.Literal
2019-04-10 13:51:29,381 - Loaded System Directive: org.apache.velocity.runtime.directive.Macro
2019-04-10 13:51:29,386 - Loaded System Directive: org.apache.velocity.runtime.directive.Parse
2019-04-10 13:51:29,389 - Loaded System Directive: org.apache.velocity.runtime.directive.Include
2019-04-10 13:51:29,390 - Loaded System Directive: org.apache.velocity.runtime.directive.Foreach
2019-04-10 13:51:29,428 - Created: 20 parsers.
2019-04-10 13:51:29,440 - Velocimacro : initialization starting.
2019-04-10 13:51:29,440 - Velocimacro : adding VMs from VM library template : VM_global_library.vm
2019-04-10 13:51:29,462 - ResourceManager : unable to find resource 'VM_global_library.vm' in any resource loader.
2019-04-10 13:51:29,462 - Velocimacro : error using  VM library template VM_global_library.vm : org.apache.velocity.exception.ResourceNotFoundException: Unable to find resource 'VM_global_library.vm'
2019-04-10 13:51:29,462 - Velocimacro :  VM library template macro registration complete.
2019-04-10 13:51:29,462 - Velocimacro : allowInline = true : VMs can be defined inline in templates
2019-04-10 13:51:29,462 - Velocimacro : allowInlineToOverride = false : VMs defined inline may NOT replace previous VM definitions
2019-04-10 13:51:29,462 - Velocimacro : allowInlineLocal = false : VMs defined inline will be  global in scope if allowed.
2019-04-10 13:51:29,462 - Velocimacro : messages on  : VM system will output logging messages
2019-04-10 13:51:29,462 - Velocimacro : autoload off  : VM system will not automatically reload global library macros
2019-04-10 13:51:29,462 - Velocimacro : initialization complete.
2019-04-10 13:51:29,462 - Velocity successfully started.
2019-04-10 13:55:57,851 - SimpleLog4JLogSystem initialized using logfile 'velocity.log'
2019-04-10 13:55:57,851 - ************************************************************** 
2019-04-10 13:55:57,851 - Starting Jakarta Velocity v1.4
2019-04-10 13:55:57,851 - RuntimeInstance initializing.
2019-04-10 13:55:57,851 - Default Properties File: org\apache\velocity\runtime\defaults\velocity.properties
2019-04-10 13:55:57,852 - Trying to use logger class org.apache.velocity.runtime.log.SimpleLog4JLogSystem
2019-04-10 13:55:57,852 - Using logger class org.apache.velocity.runtime.log.SimpleLog4JLogSystem
2019-04-10 13:55:57,857 - Default ResourceManager initializing. (class org.apache.velocity.runtime.resource.ResourceManagerImpl)
2019-04-10 13:55:57,862 - Resource Loader Instantiated: org.apache.velocity.runtime.resource.loader.ClasspathResourceLoader
2019-04-10 13:55:57,863 - ClasspathResourceLoader : initialization starting.
2019-04-10 13:55:57,863 - ClasspathResourceLoader : initialization complete.
2019-04-10 13:55:57,865 - ResourceCache : initialized. (class org.apache.velocity.runtime.resource.ResourceCacheImpl)
2019-04-10 13:55:57,865 - Default ResourceManager initialization complete.
2019-04-10 13:55:57,870 - Loaded System Directive: org.apache.velocity.runtime.directive.Literal
2019-04-10 13:55:57,873 - Loaded System Directive: org.apache.velocity.runtime.directive.Macro
2019-04-10 13:55:57,878 - Loaded System Directive: org.apache.velocity.runtime.directive.Parse
2019-04-10 13:55:57,880 - Loaded System Directive: org.apache.velocity.runtime.directive.Include
2019-04-10 13:55:57,882 - Loaded System Directive: org.apache.velocity.runtime.directive.Foreach
2019-04-10 13:55:57,918 - Created: 20 parsers.
2019-04-10 13:55:57,930 - Velocimacro : initialization starting.
2019-04-10 13:55:57,930 - Velocimacro : adding VMs from VM library template : VM_global_library.vm
2019-04-10 13:55:57,945 - ResourceManager : unable to find resource 'VM_global_library.vm' in any resource loader.
2019-04-10 13:55:57,945 - Velocimacro : error using  VM library template VM_global_library.vm : org.apache.velocity.exception.ResourceNotFoundException: Unable to find resource 'VM_global_library.vm'
2019-04-10 13:55:57,945 - Velocimacro :  VM library template macro registration complete.
2019-04-10 13:55:57,945 - Velocimacro : allowInline = true : VMs can be defined inline in templates
2019-04-10 13:55:57,946 - Velocimacro : allowInlineToOverride = false : VMs defined inline may NOT replace previous VM definitions
2019-04-10 13:55:57,946 - Velocimacro : allowInlineLocal = false : VMs defined inline will be  global in scope if allowed.
2019-04-10 13:55:57,946 - Velocimacro : messages on  : VM system will output logging messages
2019-04-10 13:55:57,946 - Velocimacro : autoload off  : VM system will not automatically reload global library macros
2019-04-10 13:55:57,946 - Velocimacro : initialization complete.
2019-04-10 13:55:57,946 - Velocity successfully started.
2019-04-10 13:56:29,634 - SimpleLog4JLogSystem initialized using logfile 'velocity.log'
2019-04-10 13:56:29,635 - ************************************************************** 
2019-04-10 13:56:29,635 - Starting Jakarta Velocity v1.4
2019-04-10 13:56:29,635 - RuntimeInstance initializing.
2019-04-10 13:56:29,635 - Default Properties File: org\apache\velocity\runtime\defaults\velocity.properties
2019-04-10 13:56:29,635 - Trying to use logger class org.apache.velocity.runtime.log.SimpleLog4JLogSystem
2019-04-10 13:56:29,635 - Using logger class org.apache.velocity.runtime.log.SimpleLog4JLogSystem
2019-04-10 13:56:29,640 - Default ResourceManager initializing. (class org.apache.velocity.runtime.resource.ResourceManagerImpl)
2019-04-10 13:56:29,645 - Resource Loader Instantiated: org.apache.velocity.runtime.resource.loader.ClasspathResourceLoader
2019-04-10 13:56:29,645 - ClasspathResourceLoader : initialization starting.
2019-04-10 13:56:29,645 - ClasspathResourceLoader : initialization complete.
2019-04-10 13:56:29,648 - ResourceCache : initialized. (class org.apache.velocity.runtime.resource.ResourceCacheImpl)
2019-04-10 13:56:29,648 - Default ResourceManager initialization complete.
2019-04-10 13:56:29,653 - Loaded System Directive: org.apache.velocity.runtime.directive.Literal
2019-04-10 13:56:29,657 - Loaded System Directive: org.apache.velocity.runtime.directive.Macro
2019-04-10 13:56:29,663 - Loaded System Directive: org.apache.velocity.runtime.directive.Parse
2019-04-10 13:56:29,670 - Loaded System Directive: org.apache.velocity.runtime.directive.Include
2019-04-10 13:56:29,673 - Loaded System Directive: org.apache.velocity.runtime.directive.Foreach
2019-04-10 13:56:29,709 - Created: 20 parsers.
2019-04-10 13:56:29,721 - Velocimacro : initialization starting.
2019-04-10 13:56:29,721 - Velocimacro : adding VMs from VM library template : VM_global_library.vm
2019-04-10 13:56:29,736 - ResourceManager : unable to find resource 'VM_global_library.vm' in any resource loader.
2019-04-10 13:56:29,736 - Velocimacro : error using  VM library template VM_global_library.vm : org.apache.velocity.exception.ResourceNotFoundException: Unable to find resource 'VM_global_library.vm'
2019-04-10 13:56:29,736 - Velocimacro :  VM library template macro registration complete.
2019-04-10 13:56:29,736 - Velocimacro : allowInline = true : VMs can be defined inline in templates
2019-04-10 13:56:29,736 - Velocimacro : allowInlineToOverride = false : VMs defined inline may NOT replace previous VM definitions
2019-04-10 13:56:29,736 - Velocimacro : allowInlineLocal = false : VMs defined inline will be  global in scope if allowed.
2019-04-10 13:56:29,736 - Velocimacro : messages on  : VM system will output logging messages
2019-04-10 13:56:29,737 - Velocimacro : autoload off  : VM system will not automatically reload global library macros
2019-04-10 13:56:29,737 - Velocimacro : initialization complete.
2019-04-10 13:56:29,737 - Velocity successfully started.
2019-04-11 13:43:17,490 - SimpleLog4JLogSystem initialized using logfile 'velocity.log'
2019-04-11 13:43:17,491 - ************************************************************** 
2019-04-11 13:43:17,491 - Starting Jakarta Velocity v1.4
2019-04-11 13:43:17,491 - RuntimeInstance initializing.
2019-04-11 13:43:17,491 - Default Properties File: org\apache\velocity\runtime\defaults\velocity.properties
2019-04-11 13:43:17,491 - Trying to use logger class org.apache.velocity.runtime.log.SimpleLog4JLogSystem
2019-04-11 13:43:17,491 - Using logger class org.apache.velocity.runtime.log.SimpleLog4JLogSystem
2019-04-11 13:43:17,497 - Default ResourceManager initializing. (class org.apache.velocity.runtime.resource.ResourceManagerImpl)
2019-04-11 13:43:17,502 - Resource Loader Instantiated: org.apache.velocity.runtime.resource.loader.ClasspathResourceLoader
2019-04-11 13:43:17,502 - ClasspathResourceLoader : initialization starting.
2019-04-11 13:43:17,502 - ClasspathResourceLoader : initialization complete.
2019-04-11 13:43:17,506 - ResourceCache : initialized. (class org.apache.velocity.runtime.resource.ResourceCacheImpl)
2019-04-11 13:43:17,506 - Default ResourceManager initialization complete.
2019-04-11 13:43:17,510 - Loaded System Directive: org.apache.velocity.runtime.directive.Literal
2019-04-11 13:43:17,514 - Loaded System Directive: org.apache.velocity.runtime.directive.Macro
2019-04-11 13:43:17,519 - Loaded System Directive: org.apache.velocity.runtime.directive.Parse
2019-04-11 13:43:17,523 - Loaded System Directive: org.apache.velocity.runtime.directive.Include
2019-04-11 13:43:17,525 - Loaded System Directive: org.apache.velocity.runtime.directive.Foreach
2019-04-11 13:43:17,561 - Created: 20 parsers.
2019-04-11 13:43:17,574 - Velocimacro : initialization starting.
2019-04-11 13:43:17,574 - Velocimacro : adding VMs from VM library template : VM_global_library.vm
2019-04-11 13:43:17,595 - ResourceManager : unable to find resource 'VM_global_library.vm' in any resource loader.
2019-04-11 13:43:17,595 - Velocimacro : error using  VM library template VM_global_library.vm : org.apache.velocity.exception.ResourceNotFoundException: Unable to find resource 'VM_global_library.vm'
2019-04-11 13:43:17,595 - Velocimacro :  VM library template macro registration complete.
2019-04-11 13:43:17,595 - Velocimacro : allowInline = true : VMs can be defined inline in templates
2019-04-11 13:43:17,595 - Velocimacro : allowInlineToOverride = false : VMs defined inline may NOT replace previous VM definitions
2019-04-11 13:43:17,596 - Velocimacro : allowInlineLocal = false : VMs defined inline will be  global in scope if allowed.
2019-04-11 13:43:17,596 - Velocimacro : messages on  : VM system will output logging messages
2019-04-11 13:43:17,596 - Velocimacro : autoload off  : VM system will not automatically reload global library macros
2019-04-11 13:43:17,596 - Velocimacro : initialization complete.
2019-04-11 13:43:17,596 - Velocity successfully started.
